
> my-project@0.1.0 deploy
> opennextjs-cloudflare build && opennextjs-cloudflare deploy


Г”Г¶Г®Г”Г¶ГҮГ”Г¶ГҮГ”Г¶ГҮГ”Г¶ГҮГ”Г¶ГҮГ”Г¶ГҮГ”Г¶ГҮГ”Г¶ГҮГ”Г¶ГҮГ”Г¶ГҮГ”Г¶ГҮГ”Г¶ГҮГ”Г¶ГҮГ”Г¶ГҮГ”Г¶ГҮГ”Г¶ГҮГ”Г¶ГҮГ”Г¶ГҮГ”Г¶ГҮГ”Г¶ГҮГ”Г¶ГҮГ”Г¶ГҮГ”Г¶ГҮГ”Г¶ГҮГ”Г¶ГҮГ”Г¶ГҮГ”Г¶ГҮГ”Г¶ГҮГ”Г¶ГҮГ”Г¶Гү
Г”Г¶Г© OpenNext Г”ГҮГ¶ Cloudflare build Г”Г¶Г©
Г”Г¶Г¶Г”Г¶ГҮГ”Г¶ГҮГ”Г¶ГҮГ”Г¶ГҮГ”Г¶ГҮГ”Г¶ГҮГ”Г¶ГҮГ”Г¶ГҮГ”Г¶ГҮГ”Г¶ГҮГ”Г¶ГҮГ”Г¶ГҮГ”Г¶ГҮГ”Г¶ГҮГ”Г¶ГҮГ”Г¶ГҮГ”Г¶ГҮГ”Г¶ГҮГ”Г¶ГҮГ”Г¶ГҮГ”Г¶ГҮГ”Г¶ГҮГ”Г¶ГҮГ”Г¶ГҮГ”Г¶ГҮГ”Г¶ГҮГ”Г¶ГҮГ”Г¶ГҮГ”Г¶ГҮГ”Г¶Еӣ

WARN OpenNext is not fully compatible with Windows.
WARN For optimal performance, it is recommended to use Windows Subsystem for Linux (WSL).
WARN While OpenNext may function on Windows, it could encounter unpredictable failures during runtime.
App directory: U:\www_BONZO_media_HUB_inc
Next.js version : 16.2.0
@opennextjs/cloudflare version: 1.18.0
@opennextjs/aws version: 3.9.16

Г”Г¶Г®Г”Г¶ГҮГ”Г¶ГҮГ”Г¶ГҮГ”Г¶ГҮГ”Г¶ГҮГ”Г¶ГҮГ”Г¶ГҮГ”Г¶ГҮГ”Г¶ГҮГ”Г¶ГҮГ”Г¶ГҮГ”Г¶ГҮГ”Г¶ГҮГ”Г¶ГҮГ”Г¶ГҮГ”Г¶ГҮГ”Г¶ГҮГ”Г¶ГҮГ”Г¶ГҮГ”Г¶ГҮГ”Г¶ГҮГ”Г¶ГҮГ”Г¶ГҮГ”Г¶ГҮГ”Г¶ГҮГ”Г¶ГҮГ”Г¶ГҮГ”Г¶ГҮГ”Г¶ГҮГ”Г¶ГҮГ”Г¶ГҮГ”Г¶ГҮГ”Г¶ГҮГ”Г¶Гү
Г”Г¶Г© OpenNext Г”ГҮГ¶ Building Next.js app Г”Г¶Г©
Г”Г¶Г¶Г”Г¶ГҮГ”Г¶ГҮГ”Г¶ГҮГ”Г¶ГҮГ”Г¶ГҮГ”Г¶ГҮГ”Г¶ГҮГ”Г¶ГҮГ”Г¶ГҮГ”Г¶ГҮГ”Г¶ГҮГ”Г¶ГҮГ”Г¶ГҮГ”Г¶ГҮГ”Г¶ГҮГ”Г¶ГҮГ”Г¶ГҮГ”Г¶ГҮГ”Г¶ГҮГ”Г¶ГҮГ”Г¶ГҮГ”Г¶ГҮГ”Г¶ГҮГ”Г¶ГҮГ”Г¶ГҮГ”Г¶ГҮГ”Г¶ГҮГ”Г¶ГҮГ”Г¶ГҮГ”Г¶ГҮГ”Г¶ГҮГ”Г¶ГҮГ”Г¶ГҮГ”Г¶Еӣ


> my-project@0.1.0 build
> node scripts/run-next-build.mjs

Г”Дҫв–“ Next.js 16.2.0 (webpack)
- Environments: .env

  Creating an optimized production build ...
 Г”ЕҘГҙ (pwa) Compiling for server...
 Г”ЕҘГҙ (pwa) Compiling for server...
 Г”ЕҘГҙ (pwa) Compiling for client (static)...
 Г”ЕҡЕ‘ (pwa) Service worker: U:\www_BONZO_media_HUB_inc\public\sw.js
 Г”ЕҡЕ‘ (pwa)   URL: /sw.js
 Г”ЕҡЕ‘ (pwa)   Scope: /
 Г”ЕҡЕ‘ (pwa) Custom runtimeCaching array found, using it instead of the default one.

[403.64ms] [@tailwindcss/postcss] app\globals.css
[  0.06ms]   Г”ДҮв”Ӯ Quick bail check
[ 71.37ms]   Г”ДҮв”Ӯ Setup compiler
[  0.39ms]     Г”ДҮв”Ӯ PostCSS AST -> Tailwind CSS AST
[ 70.96ms]     Г”ДҮв”Ӯ Create compiler
[  0.12ms]   Г”ДҮв”Ӯ Register full rebuild paths
[  1.44ms]   Г”ДҮв”Ӯ Setup scanner
[ 85.56ms]   Г”ДҮв”Ӯ Scan for candidates
[109.69ms]   Г”ДҮв”Ӯ Register dependency messages
[ 86.85ms]   Г”ДҮв”Ӯ Build utilities
[ 44.97ms]   Г”ДҮв”Ӯ Optimization
[  1.29ms]     Г”ДҮв”Ӯ AST -> CSS
[ 28.92ms]     Г”ДҮв”Ӯ Lightning CSS
[ 14.72ms]     Г”ДҮв”Ӯ CSS -> PostCSS AST
[  3.16ms]   Г”ДҮв”Ӯ Update PostCSS AST

Г”ЕҘГҙ Compiled successfully in 3.8s
  Skipping validation of types
  Finished TypeScript config validation in 5ms ...
  Collecting page data using 11 workers ...
  Generating static pages using 11 workers (0/4) ...
  Generating static pages using 11 workers (1/4) 
  Generating static pages using 11 workers (2/4) 
  Generating static pages using 11 workers (3/4) 
Г”ЕҘГҙ Generating static pages using 11 workers (4/4) in 645ms
  Finalizing page optimization ...
  Collecting build traces ...

Route (app)
Г”Г¶Г® Г”ЕҡЕ‘ /
Г”Г¶ЕҘ Г”ЕҡЕ‘ /_not-found
Г”Г¶ЕҘ ДӮДә /api/ai
Г”Г¶ЕҘ ДӮДә /api/ai-music
Г”Г¶ЕҘ ДӮДә /api/cover-art
Г”Г¶ЕҘ ДӮДә /api/fetch-url-metadata
Г”Г¶ЕҘ ДӮДә /api/lyrics
Г”Г¶ЕҘ ДӮДә /api/tmdb
Г”Г¶Г¶ Г”ЕҡЕ‘ /offline


Г”ЕҡЕ‘  (Static)   prerendered as static content
ДӮДә  (Dynamic)  server-rendered on demand


Г”Г¶Г®Г”Г¶ГҮГ”Г¶ГҮГ”Г¶ГҮГ”Г¶ГҮГ”Г¶ГҮГ”Г¶ГҮГ”Г¶ГҮГ”Г¶ГҮГ”Г¶ГҮГ”Г¶ГҮГ”Г¶ГҮГ”Г¶ГҮГ”Г¶ГҮГ”Г¶ГҮГ”Г¶ГҮГ”Г¶ГҮГ”Г¶ГҮГ”Г¶ГҮГ”Г¶ГҮГ”Г¶ГҮГ”Г¶ГҮГ”Г¶ГҮГ”Г¶ГҮГ”Г¶ГҮГ”Г¶ГҮГ”Г¶ГҮГ”Г¶ГҮГ”Г¶ГҮГ”Г¶ГҮГ”Г¶ГҮГ”Г¶Гү
Г”Г¶Г© OpenNext Г”ГҮГ¶ Generating bundle Г”Г¶Г©
Г”Г¶Г¶Г”Г¶ГҮГ”Г¶ГҮГ”Г¶ГҮГ”Г¶ГҮГ”Г¶ГҮГ”Г¶ГҮГ”Г¶ГҮГ”Г¶ГҮГ”Г¶ГҮГ”Г¶ГҮГ”Г¶ГҮГ”Г¶ГҮГ”Г¶ГҮГ”Г¶ГҮГ”Г¶ГҮГ”Г¶ГҮГ”Г¶ГҮГ”Г¶ГҮГ”Г¶ГҮГ”Г¶ГҮГ”Г¶ГҮГ”Г¶ГҮГ”Г¶ГҮГ”Г¶ГҮГ”Г¶ГҮГ”Г¶ГҮГ”Г¶ГҮГ”Г¶ГҮГ”Г¶ГҮГ”Г¶ГҮГ”Г¶Еӣ

Bundling middleware function...
Bundling static assets...
Bundling cache assets...
Building server function: default...
Applying code patches: 5.835s
# copyPackageTemplateFiles
[35mГ”ГңГ–ВҙЕһДҶ Bundling the OpenNext server...
[0m
[35mWorker saved in `.open-next\worker.js` ВӯДҚГңГҮ
[0m
OpenNext build complete.

Г”Г¶Г®Г”Г¶ГҮГ”Г¶ГҮГ”Г¶ГҮГ”Г¶ГҮГ”Г¶ГҮГ”Г¶ГҮГ”Г¶ГҮГ”Г¶ГҮГ”Г¶ГҮГ”Г¶ГҮГ”Г¶ГҮГ”Г¶ГҮГ”Г¶ГҮГ”Г¶ГҮГ”Г¶ГҮГ”Г¶ГҮГ”Г¶ГҮГ”Г¶ГҮГ”Г¶ГҮГ”Г¶ГҮГ”Г¶ГҮГ”Г¶ГҮГ”Г¶ГҮГ”Г¶ГҮГ”Г¶ГҮГ”Г¶ГҮГ”Г¶ГҮГ”Г¶ГҮГ”Г¶ГҮГ”Г¶ГҮГ”Г¶Гү
Г”Г¶Г© OpenNext Г”ГҮГ¶ Cloudflare deploy Г”Г¶Г©
Г”Г¶Г¶Г”Г¶ГҮГ”Г¶ГҮГ”Г¶ГҮГ”Г¶ГҮГ”Г¶ГҮГ”Г¶ГҮГ”Г¶ГҮГ”Г¶ГҮГ”Г¶ГҮГ”Г¶ГҮГ”Г¶ГҮГ”Г¶ГҮГ”Г¶ГҮГ”Г¶ГҮГ”Г¶ГҮГ”Г¶ГҮГ”Г¶ГҮГ”Г¶ГҮГ”Г¶ГҮГ”Г¶ГҮГ”Г¶ГҮГ”Г¶ГҮГ”Г¶ГҮГ”Г¶ГҮГ”Г¶ГҮГ”Г¶ГҮГ”Г¶ГҮГ”Г¶ГҮГ”Г¶ГҮГ”Г¶ГҮГ”Г¶Еӣ

WARN OpenNext is not fully compatible with Windows.
WARN For optimal performance, it is recommended to use Windows Subsystem for Linux (WSL).
WARN While OpenNext may function on Windows, it could encounter unpredictable failures during runtime.
Using secrets defined in .dev.vars
Г”Дҫв–“ [WARNING] AI bindings always access remote resources, and so may incur usage charges even in local dev. To suppress this warning, set `remote: true` for the binding definition in your configuration file.



Populating remote R2 incremental cache...
Cloudflare:DEBUG:request https://api.cloudflare.com/client/v4/accounts/7f490d58a478c6baccb0ae01ea1d87c3/r2/buckets/my-project-opennext-cache {
  method: 'get',
  path: '/accounts/7f490d58a478c6baccb0ae01ea1d87c3/r2/buckets/my-project-opennext-cache',
  headers: {},
  body: undefined
} {
  accept: 'application/json',
  'user-agent': 'Cloudflare/JS 4.5.0',
  'api-version': '2026-03-29',
  'x-stainless-lang': 'js',
  'x-stainless-package-version': '4.5.0',
  'x-stainless-os': 'Windows',
  'x-stainless-arch': 'x64',
  'x-stainless-runtime': 'node',
  'x-stainless-runtime-version': 'v24.14.1',
  authorization: 'Bearer Ug-sSO_mtWhc95MfAtE35fGW4tAbuhXp3GHX1Xru',
  'x-stainless-retry-count': '0',
  'x-stainless-timeout': '60000'
}
(node:16464) [DEP0190] DeprecationWarning: Passing args to a child process with shell option true can lead to security vulnerabilities, as the arguments are not escaped, only concatenated.
(Use `node --trace-deprecation ...` to show where the warning was created)
Cloudflare:DEBUG:response 200 https://api.cloudflare.com/client/v4/accounts/7f490d58a478c6baccb0ae01ea1d87c3/r2/buckets/my-project-opennext-cache Headers {
  Symbol(map): [Object: null prototype] {
    date: [ 'Sun, 29 Mar 2026 23:28:07 GMT' ],
    'content-type': [ 'application/json; charset=UTF-8' ],
    'transfer-encoding': [ 'chunked' ],
    connection: [ 'keep-alive' ],
    'set-cookie': [
      '__cflb=04dTob1Z8hkaUxg6DoHNs8KRCyeFshedDCZ1UUn5cq; SameSite=Lax; path=/; expires=Mon, 30-Mar-26 01:58:08 GMT; HttpOnly',
      '__cf_bm=cIaB_RHiyvMmtkUonwcHJMCuFwOk_fqLw6JyOXCkij8-1774826887.4047062-1.0.1.1-9nm8K7U2HKgDb8KHzOf0C1pJKewrPk6ggBYfxfUCvNsD2472hgqe3342WPSarrysAh9L4zdJ1e97QUsudsmEqGxFN1njllU0gnh3YksFQ_AQ.zO7S85YZkprPORQnmog; HttpOnly; Secure; Path=/; Domain=api.cloudflare.com; Expires=Sun, 29 Mar 2026 23:58:07 GMT',
      '_cfuvid=cbYnjUg1HAQ3IPwbin2_tuvTFR_OPDsFxfgG04k0K7U-1774826887.4047062-1.0.1.1-9h3HVWHM9uriPluO0508JxMZtajcsQKHnYdCqIN0ZzA; HttpOnly; SameSite=None; Secure; Path=/; Domain=api.cloudflare.com'
    ],
    'cf-ray': [ '9e42a62e4e3ddbc1-FRA' ],
    'cf-cache-status': [ 'DYNAMIC' ],
    'content-encoding': [ 'gzip' ],
    server: [ 'cloudflare' ],
    'cf-auditlog-id': [ '019d3bed-18f3-7323-b7bc-7b1e6d12b48d' ],
    vary: [ 'Accept-Encoding' ],
    ratelimit: [ '"default";r=1199;t=1' ],
    'ratelimit-policy': [ '"default";q=1200;w=300' ],
    'api-version': [ '2026-03-29' ]
  }
} {
  success: true,
  errors: [],
  messages: [],
  result: {
    name: 'my-project-opennext-cache',
    creation_date: '2026-03-27T07:53:38.313Z',
    location: 'EEUR',
    storage_class: 'Standard',
    jurisdiction: 'default'
  }
}
[0G 25%|Г”ДҫЕӮГ”ДҫЕӮГ”ДҫЕӮГ”ДҫЕӮГ”ДҫЕӮГ”ДҫЕӮГ”ДҫЕӮГ”ДҫЕӮГ”ДҫЕӮГ”ДҫЕӮГ”ДҫЕӮ                                  | 1/4 [00:00:<00:00:, 0.00it/s][0G 50%|Г”ДҫЕӮГ”ДҫЕӮГ”ДҫЕӮГ”ДҫЕӮГ”ДҫЕӮГ”ДҫЕӮГ”ДҫЕӮГ”ДҫЕӮГ”ДҫЕӮГ”ДҫЕӮГ”ДҫЕӮГ”ДҫЕӮГ”ДҫЕӮГ”ДҫЕӮГ”ДҫЕӮГ”ДҫЕӮГ”ДҫЕӮГ”ДҫЕӮГ”ДҫЕӮГ”ДҫЕӮГ”ДҫЕӮГ”ДҫЕӮ                       | 2/4 [00:04:<00:04:, 0.50it/s][0G 75%|Г”ДҫЕӮГ”ДҫЕӮГ”ДҫЕӮГ”ДҫЕӮГ”ДҫЕӮГ”ДҫЕӮГ”ДҫЕӮГ”ДҫЕӮГ”ДҫЕӮГ”ДҫЕӮГ”ДҫЕӮГ”ДҫЕӮГ”ДҫЕӮГ”ДҫЕӮГ”ДҫЕӮГ”ДҫЕӮГ”ДҫЕӮГ”ДҫЕӮГ”ДҫЕӮГ”ДҫЕӮГ”ДҫЕӮГ”ДҫЕӮГ”ДҫЕӮГ”ДҫЕӮГ”ДҫЕӮГ”ДҫЕӮГ”ДҫЕӮГ”ДҫЕӮГ”ДҫЕӮГ”ДҫЕӮГ”ДҫЕӮГ”ДҫЕӮГ”ДҫЕӮ            | 3/4 [00:04:<00:01:, 0.75it/s][0G100%|Г”ДҫЕӮГ”ДҫЕӮГ”ДҫЕӮГ”ДҫЕӮГ”ДҫЕӮГ”ДҫЕӮГ”ДҫЕӮГ”ДҫЕӮГ”ДҫЕӮГ”ДҫЕӮГ”ДҫЕӮГ”ДҫЕӮГ”ДҫЕӮГ”ДҫЕӮГ”ДҫЕӮГ”ДҫЕӮГ”ДҫЕӮГ”ДҫЕӮГ”ДҫЕӮГ”ДҫЕӮГ”ДҫЕӮГ”ДҫЕӮГ”ДҫЕӮГ”ДҫЕӮГ”ДҫЕӮГ”ДҫЕӮГ”ДҫЕӮГ”ДҫЕӮГ”ДҫЕӮГ”ДҫЕӮГ”ДҫЕӮГ”ДҫЕӮГ”ДҫЕӮГ”ДҫЕӮГ”ДҫЕӮГ”ДҫЕӮГ”ДҫЕӮГ”ДҫЕӮГ”ДҫЕӮГ”ДҫЕӮГ”ДҫЕӮГ”ДҫЕӮГ”ДҫЕӮГ”ДҫЕӮГ”ДҫЕӮ| 4/4 [00:04:<00:00:, 0.95it/s]
Successfully populated cache with 4 entries
Tag cache does not need populating

 Г”ЕӨЕҜВҙЕһДҶ wrangler 4.77.0 (update available 4.78.0)
Г”Г¶ГҮГ”Г¶ГҮГ”Г¶ГҮГ”Г¶ГҮГ”Г¶ГҮГ”Г¶ГҮГ”Г¶ГҮГ”Г¶ГҮГ”Г¶ГҮГ”Г¶ГҮГ”Г¶ГҮГ”Г¶ГҮГ”Г¶ГҮГ”Г¶ГҮГ”Г¶ГҮГ”Г¶ГҮГ”Г¶ГҮГ”Г¶ГҮГ”Г¶ГҮГ”Г¶ГҮГ”Г¶ГҮГ”Г¶ГҮГ”Г¶ГҮГ”Г¶ГҮГ”Г¶ГҮГ”Г¶ГҮГ”Г¶ГҮГ”Г¶ГҮГ”Г¶ГҮГ”Г¶ГҮГ”Г¶ГҮГ”Г¶ГҮГ”Г¶ГҮГ”Г¶ГҮГ”Г¶ГҮГ”Г¶ГҮГ”Г¶ГҮГ”Г¶ГҮГ”Г¶ГҮГ”Г¶ГҮГ”Г¶ГҮГ”Г¶ГҮГ”Г¶ГҮГ”Г¶ГҮГ”Г¶ГҮ
ВӯДҚГ®ГҮ Building list of assets...
Г”ЕҘДҳ Read 132 files from the assets directory U:\www_BONZO_media_HUB_inc\.open-next\assets
